# JRE version: Java(TM) SE Runtime Environment (15.0.2+7) (build 15.0.2+7-27)
# Java VM: Java HotSpot(TM) 64-Bit Server VM (15.0.2+7-27, mixed mode, sharing, tiered, compressed oops, g1 gc, windows-amd64)
GC Precious Log:
 CPUs: 8 total, 8 available
 Memory: 3889M
 Large Page Support: Disabled
 NUMA Support: Disabled
 Compressed Oops: Enabled (32-bit)
 Heap Region Size: 1M
 Heap Min Capacity: 8M
 Heap Initial Capacity: 62M
 Heap Max Capacity: 2G
 Pre-touch: Disabled
 Parallel Workers: 8
 Concurrent Workers: 2
 Concurrent Refinement Workers: 8
 Periodic GC: Disabled
Heap:
 garbage-first heap   total 63488K, used 48189K [0x0000000080000000, 0x0000000100000000)
  region size 1024K, 23 young (23552K), 3 survivors (3072K)
 Metaspace       used 32580K, capacity 33183K, committed 33456K, reserved 546816K
  class space    used 4359K, capacity 4526K, committed 4608K, reserved 516096K
GC Heap History (20 events):
Event: 18.147 GC heap before
{Heap before GC invocations=1 (full 0):
 garbage-first heap   total 63488K, used 14967K [0x0000000080000000, 0x0000000100000000)
  region size 1024K, 9 young (9216K), 3 survivors (3072K)
 Metaspace       used 4104K, capacity 6521K, committed 6656K, reserved 524288K
  class space    used 507K, capacity 743K, committed 768K, reserved 516096K
}
Event: 18.459 GC heap after
{Heap after GC invocations=2 (full 0):
 garbage-first heap   total 63488K, used 10190K [0x0000000080000000, 0x0000000100000000)
  region size 1024K, 1 young (1024K), 1 survivors (1024K)
 Metaspace       used 4104K, capacity 6521K, committed 6656K, reserved 524288K
  class space    used 507K, capacity 743K, committed 768K, reserved 516096K
}
Event: 20.998 GC heap before
{Heap before GC invocations=2 (full 0):
 garbage-first heap   total 63488K, used 17358K [0x0000000080000000, 0x0000000100000000)
  region size 1024K, 9 young (9216K), 1 survivors (1024K)
 Metaspace       used 4300K, capacity 6681K, committed 7040K, reserved 524288K
  class space    used 522K, capacity 775K, committed 896K, reserved 516096K
}
Event: 21.003 GC heap after
{Heap after GC invocations=3 (full 0):
 garbage-first heap   total 63488K, used 10357K [0x0000000080000000, 0x0000000100000000)
  region size 1024K, 1 young (1024K), 1 survivors (1024K)
 Metaspace       used 4300K, capacity 6681K, committed 7040K, reserved 524288K
  class space    used 522K, capacity 775K, committed 896K, reserved 516096K
}
Event: 31.099 GC heap before
{Heap before GC invocations=3 (full 0):
 garbage-first heap   total 63488K, used 39029K [0x0000000080000000, 0x0000000100000000)
  region size 1024K, 29 young (29696K), 1 survivors (1024K)
 Metaspace       used 4508K, capacity 6865K, committed 7040K, reserved 524288K
  class space    used 542K, capacity 815K, committed 896K, reserved 516096K
}
Event: 31.105 GC heap after
{Heap after GC invocations=4 (full 0):
 garbage-first heap   total 63488K, used 14336K [0x0000000080000000, 0x0000000100000000)
  region size 1024K, 4 young (4096K), 4 survivors (4096K)
 Metaspace       used 4508K, capacity 6865K, committed 7040K, reserved 524288K
  class space    used 542K, capacity 815K, committed 896K, reserved 516096K
}
Event: 36.643 GC heap before
{Heap before GC invocations=4 (full 0):
 garbage-first heap   total 63488K, used 44032K [0x0000000080000000, 0x0000000100000000)
  region size 1024K, 33 young (33792K), 4 survivors (4096K)
 Metaspace       used 11542K, capacity 11842K, committed 11904K, reserved 526336K
  class space    used 1554K, capacity 1637K, committed 1664K, reserved 516096K
}
Event: 36.650 GC heap after
{Heap after GC invocations=5 (full 0):
 garbage-first heap   total 63488K, used 17561K [0x0000000080000000, 0x0000000100000000)
  region size 1024K, 3 young (3072K), 3 survivors (3072K)
 Metaspace       used 11542K, capacity 11842K, committed 11904K, reserved 526336K
  class space    used 1554K, capacity 1637K, committed 1664K, reserved 516096K
}
Event: 38.153 GC heap before
{Heap before GC invocations=5 (full 0):
 garbage-first heap   total 63488K, used 43161K [0x0000000080000000, 0x0000000100000000)
  region size 1024K, 29 young (29696K), 3 survivors (3072K)
 Metaspace       used 16103K, capacity 16529K, committed 16768K, reserved 530432K
  class space    used 2264K, capacity 2411K, committed 2432K, reserved 516096K
}
Event: 38.159 GC heap after
{Heap after GC invocations=6 (full 0):
 garbage-first heap   total 63488K, used 19361K [0x0000000080000000, 0x0000000100000000)
  region size 1024K, 2 young (2048K), 2 survivors (2048K)
 Metaspace       used 16103K, capacity 16529K, committed 16768K, reserved 530432K
  class space    used 2264K, capacity 2411K, committed 2432K, reserved 516096K
}
Event: 39.833 GC heap before
{Heap before GC invocations=6 (full 0):
 garbage-first heap   total 63488K, used 44961K [0x0000000080000000, 0x0000000100000000)
  region size 1024K, 28 young (28672K), 2 survivors (2048K)
 Metaspace       used 20014K, capacity 20396K, committed 20480K, reserved 534528K
  class space    used 2867K, capacity 2995K, committed 3072K, reserved 516096K
}
Event: 39.839 GC heap after
{Heap after GC invocations=7 (full 0):
 garbage-first heap   total 63488K, used 20411K [0x0000000080000000, 0x0000000100000000)
  region size 1024K, 3 young (3072K), 3 survivors (3072K)
 Metaspace       used 20014K, capacity 20396K, committed 20480K, reserved 534528K
  class space    used 2867K, capacity 2995K, committed 3072K, reserved 516096K
}
Event: 40.128 GC heap before
{Heap before GC invocations=7 (full 0):
 garbage-first heap   total 63488K, used 25531K [0x0000000080000000, 0x0000000100000000)
  region size 1024K, 9 young (9216K), 3 survivors (3072K)
 Metaspace       used 20824K, capacity 21164K, committed 21296K, reserved 534528K
  class space    used 2989K, capacity 3123K, committed 3200K, reserved 516096K
}
Event: 40.137 GC heap after
{Heap after GC invocations=8 (full 0):
 garbage-first heap   total 63488K, used 20917K [0x0000000080000000, 0x0000000100000000)
  region size 1024K, 2 young (2048K), 2 survivors (2048K)
 Metaspace       used 20824K, capacity 21164K, committed 21296K, reserved 534528K
  class space    used 2989K, capacity 3123K, committed 3200K, reserved 516096K
}
Event: 41.211 GC heap before
{Heap before GC invocations=9 (full 0):
 garbage-first heap   total 63488K, used 47541K [0x0000000080000000, 0x0000000100000000)
  region size 1024K, 28 young (28672K), 2 survivors (2048K)
 Metaspace       used 24948K, capacity 25444K, committed 25776K, reserved 538624K
  class space    used 3562K, capacity 3718K, committed 3840K, reserved 516096K
}
Event: 41.216 GC heap after
{Heap after GC invocations=10 (full 0):
 garbage-first heap   total 63488K, used 22479K [0x0000000080000000, 0x0000000100000000)
  region size 1024K, 4 young (4096K), 4 survivors (4096K)
 Metaspace       used 24948K, capacity 25444K, committed 25776K, reserved 538624K
  class space    used 3562K, capacity 3718K, committed 3840K, reserved 516096K
}
Event: 42.472 GC heap before
{Heap before GC invocations=10 (full 0):
 garbage-first heap   total 63488K, used 47055K [0x0000000080000000, 0x0000000100000000)
  region size 1024K, 29 young (29696K), 4 survivors (4096K)
 Metaspace       used 29068K, capacity 29545K, committed 29744K, reserved 542720K
  class space    used 3969K, capacity 4106K, committed 4224K, reserved 516096K
}
Event: 42.483 GC heap after
{Heap after GC invocations=11 (full 0):
 garbage-first heap   total 63488K, used 26072K [0x0000000080000000, 0x0000000100000000)
  region size 1024K, 4 young (4096K), 4 survivors (4096K)
 Metaspace       used 29068K, capacity 29545K, committed 29744K, reserved 542720K
  class space    used 3969K, capacity 4106K, committed 4224K, reserved 516096K
}
Event: 45.093 GC heap before
{Heap before GC invocations=11 (full 0):
 garbage-first heap   total 63488K, used 50648K [0x0000000080000000, 0x0000000100000000)
  region size 1024K, 26 young (26624K), 4 survivors (4096K)
 Metaspace       used 31780K, capacity 32295K, committed 32560K, reserved 544768K
  class space    used 4253K, capacity 4443K, committed 4480K, reserved 516096K
}
Event: 45.102 GC heap after
{Heap after GC invocations=12 (full 0):
 garbage-first heap   total 63488K, used 28733K [0x0000000080000000, 0x0000000100000000)
  region size 1024K, 3 young (3072K), 3 survivors (3072K)
 Metaspace       used 31780K, capacity 32295K, committed 32560K, reserved 544768K
  class space    used 4253K, capacity 4443K, committed 4480K, reserved 516096K
}

