# JRE version: Java(TM) SE Runtime Environment (15.0.2+7) (build 15.0.2+7-27)
# Java VM: Java HotSpot(TM) 64-Bit Server VM (15.0.2+7-27, mixed mode, sharing, tiered, compressed oops, g1 gc, windows-amd64)
GC Precious Log:
 CPUs: 8 total, 8 available
 Memory: 3889M
 Large Page Support: Disabled
 NUMA Support: Disabled
 Compressed Oops: Enabled (32-bit)
 Heap Region Size: 1M
 Heap Min Capacity: 8M
 Heap Initial Capacity: 62M
 Heap Max Capacity: 2G
 Pre-touch: Disabled
 Parallel Workers: 8
 Concurrent Workers: 2
 Concurrent Refinement Workers: 8
 Periodic GC: Disabled
Heap:
 garbage-first heap   total 63488K, used 44504K [0x0000000080000000, 0x0000000100000000)
  region size 1024K, 21 young (21504K), 4 survivors (4096K)
 Metaspace       used 30696K, capacity 31179K, committed 31536K, reserved 544768K
  class space    used 4188K, capacity 4375K, committed 4480K, reserved 516096K
GC Heap History (18 events):
Event: 3.647 GC heap before
{Heap before GC invocations=0 (full 0):
 garbage-first heap   total 63488K, used 28672K [0x0000000080000000, 0x0000000100000000)
  region size 1024K, 23 young (23552K), 0 survivors (0K)
 Metaspace       used 3413K, capacity 6166K, committed 6400K, reserved 524288K
  class space    used 428K, capacity 710K, committed 768K, reserved 516096K
}
Event: 3.854 GC heap after
{Heap after GC invocations=1 (full 0):
 garbage-first heap   total 63488K, used 9835K [0x0000000080000000, 0x0000000100000000)
  region size 1024K, 3 young (3072K), 3 survivors (3072K)
 Metaspace       used 3413K, capacity 6166K, committed 6400K, reserved 524288K
  class space    used 428K, capacity 710K, committed 768K, reserved 516096K
}
Event: 22.159 GC heap before
{Heap before GC invocations=1 (full 0):
 garbage-first heap   total 63488K, used 27243K [0x0000000080000000, 0x0000000100000000)
  region size 1024K, 20 young (20480K), 3 survivors (3072K)
 Metaspace       used 4321K, capacity 6681K, committed 7040K, reserved 524288K
  class space    used 523K, capacity 775K, committed 896K, reserved 516096K
}
Event: 22.172 GC heap after
{Heap after GC invocations=2 (full 0):
 garbage-first heap   total 63488K, used 10266K [0x0000000080000000, 0x0000000100000000)
  region size 1024K, 1 young (1024K), 1 survivors (1024K)
 Metaspace       used 4321K, capacity 6681K, committed 7040K, reserved 524288K
  class space    used 523K, capacity 775K, committed 896K, reserved 516096K
}
Event: 31.120 GC heap before
{Heap before GC invocations=2 (full 0):
 garbage-first heap   total 63488K, used 34842K [0x0000000080000000, 0x0000000100000000)
  region size 1024K, 25 young (25600K), 1 survivors (1024K)
 Metaspace       used 4464K, capacity 6751K, committed 7040K, reserved 524288K
  class space    used 530K, capacity 777K, committed 896K, reserved 516096K
}
Event: 31.126 GC heap after
{Heap after GC invocations=3 (full 0):
 garbage-first heap   total 63488K, used 14336K [0x0000000080000000, 0x0000000100000000)
  region size 1024K, 4 young (4096K), 4 survivors (4096K)
 Metaspace       used 4464K, capacity 6751K, committed 7040K, reserved 524288K
  class space    used 530K, capacity 777K, committed 896K, reserved 516096K
}
Event: 36.564 GC heap before
{Heap before GC invocations=3 (full 0):
 garbage-first heap   total 63488K, used 40960K [0x0000000080000000, 0x0000000100000000)
  region size 1024K, 30 young (30720K), 4 survivors (4096K)
 Metaspace       used 10710K, capacity 10994K, committed 11136K, reserved 526336K
  class space    used 1461K, capacity 1573K, committed 1664K, reserved 516096K
}
Event: 36.570 GC heap after
{Heap after GC invocations=4 (full 0):
 garbage-first heap   total 63488K, used 17163K [0x0000000080000000, 0x0000000100000000)
  region size 1024K, 3 young (3072K), 3 survivors (3072K)
 Metaspace       used 10710K, capacity 10994K, committed 11136K, reserved 526336K
  class space    used 1461K, capacity 1573K, committed 1664K, reserved 516096K
}
Event: 37.664 GC heap before
{Heap before GC invocations=4 (full 0):
 garbage-first heap   total 63488K, used 42763K [0x0000000080000000, 0x0000000100000000)
  region size 1024K, 28 young (28672K), 3 survivors (3072K)
 Metaspace       used 15016K, capacity 15426K, committed 15616K, reserved 530432K
  class space    used 2117K, capacity 2264K, committed 2304K, reserved 516096K
}
Event: 37.670 GC heap after
{Heap after GC invocations=5 (full 0):
 garbage-first heap   total 63488K, used 18656K [0x0000000080000000, 0x0000000100000000)
  region size 1024K, 2 young (2048K), 2 survivors (2048K)
 Metaspace       used 15016K, capacity 15426K, committed 15616K, reserved 530432K
  class space    used 2117K, capacity 2264K, committed 2304K, reserved 516096K
}
Event: 39.223 GC heap before
{Heap before GC invocations=5 (full 0):
 garbage-first heap   total 63488K, used 43232K [0x0000000080000000, 0x0000000100000000)
  region size 1024K, 27 young (27648K), 2 survivors (2048K)
 Metaspace       used 19309K, capacity 19705K, committed 19840K, reserved 534528K
  class space    used 2756K, capacity 2898K, committed 2944K, reserved 516096K
}
Event: 39.237 GC heap after
{Heap after GC invocations=6 (full 0):
 garbage-first heap   total 63488K, used 20035K [0x0000000080000000, 0x0000000100000000)
  region size 1024K, 3 young (3072K), 3 survivors (3072K)
 Metaspace       used 19309K, capacity 19705K, committed 19840K, reserved 534528K
  class space    used 2756K, capacity 2898K, committed 2944K, reserved 516096K
}
Event: 40.438 GC heap before
{Heap before GC invocations=6 (full 0):
 garbage-first heap   total 63488K, used 30275K [0x0000000080000000, 0x0000000100000000)
  region size 1024K, 14 young (14336K), 3 survivors (3072K)
 Metaspace       used 20813K, capacity 21148K, committed 21296K, reserved 534528K
  class space    used 2989K, capacity 3123K, committed 3200K, reserved 516096K
}
Event: 40.443 GC heap after
{Heap after GC invocations=7 (full 0):
 garbage-first heap   total 63488K, used 20671K [0x0000000080000000, 0x0000000100000000)
  region size 1024K, 3 young (3072K), 3 survivors (3072K)
 Metaspace       used 20813K, capacity 21148K, committed 21296K, reserved 534528K
  class space    used 2989K, capacity 3123K, committed 3200K, reserved 516096K
}
Event: 41.928 GC heap before
{Heap before GC invocations=8 (full 0):
 garbage-first heap   total 63488K, used 46271K [0x0000000080000000, 0x0000000100000000)
  region size 1024K, 29 young (29696K), 3 survivors (3072K)
 Metaspace       used 25007K, capacity 25428K, committed 25776K, reserved 538624K
  class space    used 3568K, capacity 3718K, committed 3840K, reserved 516096K
}
Event: 41.945 GC heap after
{Heap after GC invocations=9 (full 0):
 garbage-first heap   total 63488K, used 22301K [0x0000000080000000, 0x0000000100000000)
  region size 1024K, 4 young (4096K), 4 survivors (4096K)
 Metaspace       used 25007K, capacity 25428K, committed 25776K, reserved 538624K
  class space    used 3568K, capacity 3718K, committed 3840K, reserved 516096K
}
Event: 43.030 GC heap before
{Heap before GC invocations=9 (full 0):
 garbage-first heap   total 63488K, used 47901K [0x0000000080000000, 0x0000000100000000)
  region size 1024K, 30 young (30720K), 4 survivors (4096K)
 Metaspace       used 29032K, capacity 29465K, committed 29744K, reserved 542720K
  class space    used 3968K, capacity 4106K, committed 4224K, reserved 516096K
}
Event: 43.040 GC heap after
{Heap after GC invocations=10 (full 0):
 garbage-first heap   total 63488K, used 26072K [0x0000000080000000, 0x0000000100000000)
  region size 1024K, 4 young (4096K), 4 survivors (4096K)
 Metaspace       used 29032K, capacity 29465K, committed 29744K, reserved 542720K
  class space    used 3968K, capacity 4106K, committed 4224K, reserved 516096K
}

